<?xml version="1.0" encoding="UTF-8"?>
<!-- Generated by org.testng.reporters.JUnitXMLReporter -->
<testsuite hostname="DESKTOP-CRVRT3K" ignored="0" name="Default test" tests="3" failures="0" timestamp="29 Apr 2022 15:22:51 GMT" time="18.628" errors="0">
  <testcase name="login" time="5.591" classname="dataDrivenTestCases.LoginSwag"/>
  <testcase name="login" time="5.405" classname="dataDrivenTestCases.LoginSwag"/>
  <testcase name="login" time="5.61" classname="dataDrivenTestCases.LoginSwag"/>
</testsuite> <!-- Default test -->
