<?xml version="1.0" encoding="UTF-8"?>
<!-- Generated by org.testng.reporters.JUnitXMLReporter -->
<testsuite hostname="DESKTOP-CRVRT3K" ignored="10" name="regression" tests="6" failures="1" timestamp="29 Apr 2022 15:11:39 GMT" time="86.252" errors="0">
  <testcase name="initialSignIn" time="4.044" classname="testCases.TC001_initialSignIn"/>
  <testcase name="addToCart" time="1.205" classname="testCases.TC03_addToCart"/>
  <testcase name="signUp" time="45.645" classname="testCases.TC002_SignUp">
    <failure type="java.lang.AssertionError" message="expected [Sauce Labs | Get Started Guide] but found [Sign Up for a Free Trial | Sauce Labs]">
      <![CDATA[java.lang.AssertionError: expected [Sauce Labs | Get Started Guide] but found [Sign Up for a Free Trial | Sauce Labs]
at testCases.TC002_SignUp.signUp(TC002_SignUp.java:74)
... Removed 31 stack frames]]>
    </failure>
  </testcase> <!-- signUp -->
  <testcase name="resources" time="2.221" classname="testCases.TC02_Resources"/>
  <testcase name="accountLogin" time="24.155" classname="testCases.TC01_AccountLogin"/>
  <testcase name="logOut" time="4.569" classname="testCases.TC04_logOut"/>
  <testcase name="@AfterSuite tearDown" time="0.0" classname="base.BaseClass">
    <ignored/>
  </testcase> <!-- @AfterSuite tearDown -->
  <testcase name="@AfterSuite tearDown" time="0.0" classname="base.BaseClass">
    <ignored/>
  </testcase> <!-- @AfterSuite tearDown -->
  <testcase name="@AfterSuite tearDown" time="0.0" classname="base.BaseClass">
    <ignored/>
  </testcase> <!-- @AfterSuite tearDown -->
  <testcase name="@AfterSuite tearDown" time="0.0" classname="base.BaseClass">
    <ignored/>
  </testcase> <!-- @AfterSuite tearDown -->
  <testcase name="@AfterSuite tearDown" time="0.0" classname="base.BaseClass">
    <ignored/>
  </testcase> <!-- @AfterSuite tearDown -->
  <testcase name="@BeforeSuite init" time="0.0" classname="base.BaseClass">
    <ignored/>
  </testcase> <!-- @BeforeSuite init -->
  <testcase name="@BeforeSuite init" time="0.0" classname="base.BaseClass">
    <ignored/>
  </testcase> <!-- @BeforeSuite init -->
  <testcase name="@BeforeSuite init" time="0.0" classname="base.BaseClass">
    <ignored/>
  </testcase> <!-- @BeforeSuite init -->
  <testcase name="@BeforeSuite init" time="0.0" classname="base.BaseClass">
    <ignored/>
  </testcase> <!-- @BeforeSuite init -->
  <testcase name="@BeforeSuite init" time="0.0" classname="base.BaseClass">
    <ignored/>
  </testcase> <!-- @BeforeSuite init -->
</testsuite> <!-- regression -->
