<?xml version="1.0" encoding="UTF-8"?>
<!-- Generated by org.testng.reporters.JUnitXMLReporter -->
<testsuite hostname="DESKTOP-CRVRT3K" ignored="0" name="Test" tests="3" failures="0" timestamp="04 May 2022 17:29:40 GMT" time="18.428" errors="0">
  <testcase name="login" time="5.605" classname="dataDrivenTestCases.LoginSwag"/>
  <testcase name="login" time="5.379" classname="dataDrivenTestCases.LoginSwag"/>
  <testcase name="login" time="5.447" classname="dataDrivenTestCases.LoginSwag"/>
</testsuite> <!-- Test -->
