<?xml version="1.0" encoding="UTF-8"?>
<!-- Generated by org.testng.reporters.JUnitXMLReporter -->
<testsuite hostname="DESKTOP-CRVRT3K" ignored="2" name="regression" tests="2" failures="1" timestamp="28 Apr 2022 17:43:59 GMT" time="53.16" errors="0">
  <testcase name="initialSignIn" time="4.078" classname="testCases.TC001_initialSignIn"/>
  <testcase name="signUp" time="47.919" classname="testCases.TC002_SignUp">
    <failure type="java.lang.AssertionError" message="expected [Sauce Labs | Get Started Guide] but found [Sign Up for a Free Trial | Sauce Labs]">
      <![CDATA[java.lang.AssertionError: expected [Sauce Labs | Get Started Guide] but found [Sign Up for a Free Trial | Sauce Labs]
at testCases.TC002_SignUp.signUp(TC002_SignUp.java:74)
... Removed 35 stack frames]]>
    </failure>
  </testcase> <!-- signUp -->
  <testcase name="@AfterSuite tearDown" time="0.0" classname="base.BaseClass">
    <ignored/>
  </testcase> <!-- @AfterSuite tearDown -->
  <testcase name="@BeforeSuite init" time="0.0" classname="base.BaseClass">
    <ignored/>
  </testcase> <!-- @BeforeSuite init -->
</testsuite> <!-- regression -->
