<?xml version="1.0" encoding="UTF-8"?>
<!-- Generated by org.testng.reporters.JUnitXMLReporter -->
<testsuite hostname="DESKTOP-CRVRT3K" ignored="10" name="Test" tests="6" failures="1" timestamp="04 May 2022 14:00:08 GMT" time="85.944" errors="0">
  <testcase name="initialSignIn" time="4.211" classname="testCases.TC001_initialSignIn"/>
  <testcase name="addToCart" time="1.167" classname="testCases.TC03_addToCart"/>
  <testcase name="signUp" time="45.548" classname="testCases.TC002_SignUp">
    <failure type="java.lang.AssertionError" message="expected [Sauce Labs | Get Started Guide] but found [Sign Up for a Free Trial | Sauce Labs]">
      <![CDATA[java.lang.AssertionError: expected [Sauce Labs | Get Started Guide] but found [Sign Up for a Free Trial | Sauce Labs]
at testCases.TC002_SignUp.signUp(TC002_SignUp.java:66)
... Removed 35 stack frames]]>
    </failure>
  </testcase> <!-- signUp -->
  <testcase name="resources" time="2.543" classname="testCases.TC02_Resources"/>
  <testcase name="accountLogin" time="24.136" classname="testCases.TC01_AccountLogin"/>
  <testcase name="logOut" time="4.566" classname="testCases.TC04_logOut"/>
  <testcase name="@AfterSuite tearDown" time="0.0" classname="base.BaseClass">
    <ignored/>
  </testcase> <!-- @AfterSuite tearDown -->
  <testcase name="@AfterSuite tearDown" time="0.0" classname="base.BaseClass">
    <ignored/>
  </testcase> <!-- @AfterSuite tearDown -->
  <testcase name="@AfterSuite tearDown" time="0.0" classname="base.BaseClass">
    <ignored/>
  </testcase> <!-- @AfterSuite tearDown -->
  <testcase name="@AfterSuite tearDown" time="0.0" classname="base.BaseClass">
    <ignored/>
  </testcase> <!-- @AfterSuite tearDown -->
  <testcase name="@AfterSuite tearDown" time="0.0" classname="base.BaseClass">
    <ignored/>
  </testcase> <!-- @AfterSuite tearDown -->
  <testcase name="@BeforeSuite init" time="0.0" classname="base.BaseClass">
    <ignored/>
  </testcase> <!-- @BeforeSuite init -->
  <testcase name="@BeforeSuite init" time="0.0" classname="base.BaseClass">
    <ignored/>
  </testcase> <!-- @BeforeSuite init -->
  <testcase name="@BeforeSuite init" time="0.0" classname="base.BaseClass">
    <ignored/>
  </testcase> <!-- @BeforeSuite init -->
  <testcase name="@BeforeSuite init" time="0.0" classname="base.BaseClass">
    <ignored/>
  </testcase> <!-- @BeforeSuite init -->
  <testcase name="@BeforeSuite init" time="0.0" classname="base.BaseClass">
    <ignored/>
  </testcase> <!-- @BeforeSuite init -->
</testsuite> <!-- Test -->
